<html>
<head>
<title>TestNG:  Registrations</title>
<link href="../testng.css" rel="stylesheet" type="text/css" />
<link href="../my-testng.css" rel="stylesheet" type="text/css" />

<style type="text/css">
.log { display: none;} 
.stack-trace { display: none;} 
</style>
<script type="text/javascript">
<!--
function flip(e) {
  current = e.style.display;
  if (current == 'block') {
    e.style.display = 'none';
    return 0;
  }
  else {
    e.style.display = 'block';
    return 1;
  }
}

function toggleBox(szDivId, elem, msg1, msg2)
{
  var res = -1;  if (document.getElementById) {
    res = flip(document.getElementById(szDivId));
  }
  else if (document.all) {
    // this is the way old msie versions work
    res = flip(document.all[szDivId]);
  }
  if(elem) {
    if(res == 0) elem.innerHTML = msg1; else elem.innerHTML = msg2;
  }

}

function toggleAllBoxes() {
  if (document.getElementsByTagName) {
    d = document.getElementsByTagName('div');
    for (i = 0; i < d.length; i++) {
      if (d[i].className == 'log') {
        flip(d[i]);
      }
    }
  }
}

// -->
</script>

</head>
<body>
<h2 align='center'>Registrations</h2><table border='1' align="center">
<tr>
<td>Tests passed/Failed/Skipped:</td><td>1/4/0</td>
</tr><tr>
<td>Started on:</td><td>Fri Aug 06 14:11:17 IST 2021</td>
</tr>
<tr><td>Total time:</td><td>211 seconds (211795 ms)</td>
</tr><tr>
<td>Included groups:</td><td></td>
</tr><tr>
<td>Excluded groups:</td><td></td>
</tr>
</table><p/>
<small><i>(Hover the method name to see the test class name)</i></small><p/>
<table width='100%' border='1' class='invocation-failed'>
<tr><td colspan='4' align='center'><b>FAILED TESTS</b></td></tr>
<tr><td><b>Test method</b></td>
<td width="30%"><b>Exception</b></td>
<td width="10%"><b>Time (seconds)</b></td>
<td><b>Instance</b></td>
</tr>
<tr>
<td title='framework.runners.ServiceRequestSecondTest.runScenario()'><b>runScenario</b><br>Test class: framework.runners.ServiceRequestSecondTest<br>Test method: Runs Cucumber Scenarios<br>Parameters: "Hybrid Modify Profile Contact & Notification Preferences", "Optional[CLM Service Requests - Profile]"</td>
<td><div><pre>java.lang.NullPointerException
	at framework.utils.OracleDataProvider.executeSelectQuery(OracleDataProvider.java:77)
	at framework.utils.OracleDataProvider.getProfileInfo(OracleDataProvider.java:240)
	at stepDefinitions.serviceRequests.profile.pflupd.ModifyContactAndNotificationSteps.verify_modified_info(ModifyContactAndNotificationSteps.java:42)
	at ?.verify modified info(file:///C:/Git/clm_selenide_cucumber/src/test/resources/functionalTests/MTNC/5_Service_Requests_profile.feature:30)
</pre></div><a href='#' onClick='toggleBox("stack-trace889562421", this, "Click to show all stack frames", "Click to hide stack frames")'>Click to show all stack frames</a>
<div class='stack-trace' id='stack-trace889562421'><pre>java.lang.NullPointerException
	at framework.utils.OracleDataProvider.executeSelectQuery(OracleDataProvider.java:77)
	at framework.utils.OracleDataProvider.getProfileInfo(OracleDataProvider.java:240)
	at stepDefinitions.serviceRequests.profile.pflupd.ModifyContactAndNotificationSteps.verify_modified_info(ModifyContactAndNotificationSteps.java:42)
	at ?.verify modified info(file:///C:/Git/clm_selenide_cucumber/src/test/resources/functionalTests/MTNC/5_Service_Requests_profile.feature:30)
</pre></div></td>
<td>111</td>
<td>framework.runners.ServiceRequestSecondTest@4abdb505</td></tr>
<tr>
<td title='framework.runners.ServiceRequestSecondTest.runScenario()'><b>runScenario</b><br>Test class: framework.runners.ServiceRequestSecondTest<br>Test method: Runs Cucumber Scenarios<br>Parameters: "Prepaid Modify Profile", "Optional[CLM Service Requests - Profile]"</td>
<td><div><pre>java.lang.AssertionError: expected [PASSED] but found [FAILED]
	at stepDefinitions.serviceRequests.common.CommonPageSteps.flow_submitted_successfully(CommonPageSteps.java:21)
	at ?.flow submitted successfully(file:///C:/Git/clm_selenide_cucumber/src/test/resources/functionalTests/MTNC/5_Service_Requests_profile.feature:18)
... Removed 6 stack frames</pre></div><a href='#' onClick='toggleBox("stack-trace746721652", this, "Click to show all stack frames", "Click to hide stack frames")'>Click to show all stack frames</a>
<div class='stack-trace' id='stack-trace746721652'><pre>java.lang.AssertionError: expected [PASSED] but found [FAILED]
	at org.testng.Assert.fail(Assert.java:99)
	at org.testng.Assert.failNotEquals(Assert.java:1037)
	at org.testng.Assert.assertEqualsImpl(Assert.java:140)
	at org.testng.Assert.assertEquals(Assert.java:122)
	at org.testng.Assert.assertEquals(Assert.java:629)
	at org.testng.Assert.assertEquals(Assert.java:639)
	at stepDefinitions.serviceRequests.common.CommonPageSteps.flow_submitted_successfully(CommonPageSteps.java:21)
	at ?.flow submitted successfully(file:///C:/Git/clm_selenide_cucumber/src/test/resources/functionalTests/MTNC/5_Service_Requests_profile.feature:18)
</pre></div></td>
<td>115</td>
<td>framework.runners.ServiceRequestSecondTest@4abdb505</td></tr>
<tr>
<td title='framework.runners.ServiceRequestSecondTest.runScenario()'><b>runScenario</b><br>Test class: framework.runners.ServiceRequestSecondTest<br>Test method: Runs Cucumber Scenarios<br>Parameters: "Postpaid Modify Profile Address", "Optional[CLM Service Requests - Profile]"</td>
<td><div><pre>Element not found {By.name: locality/option[text:Bamoko]}
Expected: exist
Screenshot: file:/C:/Git/clm_selenide_cucumber/target/reports/tests/1628239395058.1.png
Page source: file:/C:/Git/clm_selenide_cucumber/target/reports/tests/1628239395058.1.html
Timeout: 20 s.
Caused by: NoSuchElementException: Cannot locate element with text: Bamoko
	at com.codeborne.selenide.commands.SelectOptionByTextOrIndex.selectOptionsByTexts(SelectOptionByTextOrIndex.java:39)
	at com.codeborne.selenide.commands.SelectOptionByTextOrIndex.execute(SelectOptionByTextOrIndex.java:24)
	at com.codeborne.selenide.commands.SelectOptionByTextOrIndex.execute(SelectOptionByTextOrIndex.java:15)
	at com.codeborne.selenide.commands.Commands.execute(Commands.java:155)
	at com.codeborne.selenide.impl.SelenideElementProxy.dispatchAndRetry(SelenideElementProxy.java:133)
	at com.codeborne.selenide.impl.SelenideElementProxy.invoke(SelenideElementProxy.java:85)
	at com.sun.proxy.$Proxy16.selectOption(Unknown Source)
	at pages.serviceRequests.profile.pflupd.ModifyAddressDetails.modify_profile_address_details(ModifyAddressDetails.java:34)
	at stepDefinitions.serviceRequests.profile.pflupd.ModifyAddressDetailsSteps.modify_profile_address_details(ModifyAddressDetailsSteps.java:25)
	at ?.changed address details(file:///C:/Git/clm_selenide_cucumber/src/test/resources/functionalTests/MTNC/5_Service_Requests_profile.feature:50)
Caused by: org.openqa.selenium.NoSuchElementException: Cannot locate element with text: Bamoko
For documentation on this error, please visit: https://www.seleniumhq.org/exceptions/no_such_element.html
Build info: version: &apos;3.141.59&apos;, revision: &apos;e82be7d358&apos;, time: &apos;2018-11-14T08:17:03&apos;
System info: host: &apos;BAVYSYAKI&apos;, ip: &apos;10.50.56.10&apos;, os.name: &apos;Windows 10&apos;, os.arch: &apos;amd64&apos;, os.version: &apos;10.0&apos;, java.version: &apos;1.8.0_231&apos;
Driver info: driver.version: unknown
	at org.openqa.selenium.support.ui.Select.selectByVisibleText(Select.java:147)
	at com.codeborne.selenide.commands.SelectOptionByTextOrIndex.selectOptionsByTexts(SelectOptionByTextOrIndex.java:36)
	at com.codeborne.selenide.commands.SelectOptionByTextOrIndex.execute(SelectOptionByTextOrIndex.java:24)
	at com.codeborne.selenide.commands.SelectOptionByTextOrIndex.execute(SelectOptionByTextOrIndex.java:15)
	at com.codeborne.selenide.commands.Commands.execute(Commands.java:155)
	at com.codeborne.selenide.impl.SelenideElementProxy.dispatchAndRetry(SelenideElementProxy.java:133)
	at com.codeborne.selenide.impl.SelenideElementProxy.invoke(SelenideElementProxy.java:85)
	at com.sun.proxy.$Proxy16.selectOption(Unknown Source)
	at pages.serviceRequests.profile.pflupd.ModifyAddressDetails.modify_profile_address_details(ModifyAddressDetails.java:34)
	at stepDefinitions.serviceRequests.profile.pflupd.ModifyAddressDetailsSteps.modify_profile_address_details(ModifyAddressDetailsSteps.java:25)
	at io.cucumber.java.Invoker.doInvoke(Invoker.java:66)
	at io.cucumber.java.Invoker.invoke(Invoker.java:24)
	at io.cucumber.java.AbstractGlueDefinition.invokeMethod(AbstractGlueDefinition.java:47)
	at io.cucumber.java.JavaStepDefinition.execute(JavaStepDefinition.java:29)
	at io.cucumber.core.runner.CoreStepDefinition.execute(CoreStepDefinition.java:66)
	at io.cucumber.core.runner.PickleStepDefinitionMatch.runStep(PickleStepDefinitionMatch.java:63)
	at io.cucumber.core.runner.ExecutionMode$1.execute(ExecutionMode.java:10)
	at io.cucumber.core.runner.TestStep.executeStep(TestStep.java:92)
	at io.cucumber.core.runner.TestStep.run(TestStep.java:64)
	at io.cucumber.core.runner.PickleStepTestStep.run(PickleStepTestStep.java:51)
	at io.cucumber.core.runner.TestCase.run(TestCase.java:104)
	at io.cucumber.core.runner.Runner.runPickle(Runner.java:71)
	at io.cucumber.testng.TestNGCucumberRunner.lambda$runScenario$0(TestNGCucumberRunner.java:116)
	at io.cucumber.core.runtime.CucumberExecutionContext.runTestCase(CucumberExecutionContext.java:117)
	at io.cucumber.testng.TestNGCucumberRunner.runScenario(TestNGCucumberRunner.java:113)
	at io.cucumber.testng.AbstractTestNGCucumberTests.runScenario(AbstractTestNGCucumberTests.java:31)
	at java.util.concurrent.FutureTask.run(FutureTask.java:266)
	at java.util.concurrent.Executors$RunnableAdapter.call(Executors.java:511)
	at java.util.concurrent.FutureTask.run(FutureTask.java:266)
	at java.util.concurrent.ThreadPoolExecutor.runWorker(ThreadPoolExecutor.java:1149)
	at java.util.concurrent.ThreadPoolExecutor$Worker.run(ThreadPoolExecutor.java:624)
	at java.lang.Thread.run(Thread.java:748)
... Removed 13 stack frames</pre></div><a href='#' onClick='toggleBox("stack-trace928364175", this, "Click to show all stack frames", "Click to hide stack frames")'>Click to show all stack frames</a>
<div class='stack-trace' id='stack-trace928364175'><pre>Element not found {By.name: locality/option[text:Bamoko]}
Expected: exist
Screenshot: file:/C:/Git/clm_selenide_cucumber/target/reports/tests/1628239395058.1.png
Page source: file:/C:/Git/clm_selenide_cucumber/target/reports/tests/1628239395058.1.html
Timeout: 20 s.
Caused by: NoSuchElementException: Cannot locate element with text: Bamoko
	at com.codeborne.selenide.commands.SelectOptionByTextOrIndex.selectOptionsByTexts(SelectOptionByTextOrIndex.java:39)
	at com.codeborne.selenide.commands.SelectOptionByTextOrIndex.execute(SelectOptionByTextOrIndex.java:24)
	at com.codeborne.selenide.commands.SelectOptionByTextOrIndex.execute(SelectOptionByTextOrIndex.java:15)
	at com.codeborne.selenide.commands.Commands.execute(Commands.java:155)
	at com.codeborne.selenide.impl.SelenideElementProxy.dispatchAndRetry(SelenideElementProxy.java:133)
	at com.codeborne.selenide.impl.SelenideElementProxy.invoke(SelenideElementProxy.java:85)
	at com.sun.proxy.$Proxy16.selectOption(Unknown Source)
	at pages.serviceRequests.profile.pflupd.ModifyAddressDetails.modify_profile_address_details(ModifyAddressDetails.java:34)
	at stepDefinitions.serviceRequests.profile.pflupd.ModifyAddressDetailsSteps.modify_profile_address_details(ModifyAddressDetailsSteps.java:25)
	at ?.changed address details(file:///C:/Git/clm_selenide_cucumber/src/test/resources/functionalTests/MTNC/5_Service_Requests_profile.feature:50)
Caused by: org.openqa.selenium.NoSuchElementException: Cannot locate element with text: Bamoko
For documentation on this error, please visit: https://www.seleniumhq.org/exceptions/no_such_element.html
Build info: version: &apos;3.141.59&apos;, revision: &apos;e82be7d358&apos;, time: &apos;2018-11-14T08:17:03&apos;
System info: host: &apos;BAVYSYAKI&apos;, ip: &apos;10.50.56.10&apos;, os.name: &apos;Windows 10&apos;, os.arch: &apos;amd64&apos;, os.version: &apos;10.0&apos;, java.version: &apos;1.8.0_231&apos;
Driver info: driver.version: unknown
	at org.openqa.selenium.support.ui.Select.selectByVisibleText(Select.java:147)
	at com.codeborne.selenide.commands.SelectOptionByTextOrIndex.selectOptionsByTexts(SelectOptionByTextOrIndex.java:36)
	at com.codeborne.selenide.commands.SelectOptionByTextOrIndex.execute(SelectOptionByTextOrIndex.java:24)
	at com.codeborne.selenide.commands.SelectOptionByTextOrIndex.execute(SelectOptionByTextOrIndex.java:15)
	at com.codeborne.selenide.commands.Commands.execute(Commands.java:155)
	at com.codeborne.selenide.impl.SelenideElementProxy.dispatchAndRetry(SelenideElementProxy.java:133)
	at com.codeborne.selenide.impl.SelenideElementProxy.invoke(SelenideElementProxy.java:85)
	at com.sun.proxy.$Proxy16.selectOption(Unknown Source)
	at pages.serviceRequests.profile.pflupd.ModifyAddressDetails.modify_profile_address_details(ModifyAddressDetails.java:34)
	at stepDefinitions.serviceRequests.profile.pflupd.ModifyAddressDetailsSteps.modify_profile_address_details(ModifyAddressDetailsSteps.java:25)
	at sun.reflect.NativeMethodAccessorImpl.invoke0(Native Method)
	at sun.reflect.NativeMethodAccessorImpl.invoke(NativeMethodAccessorImpl.java:62)
	at sun.reflect.DelegatingMethodAccessorImpl.invoke(DelegatingMethodAccessorImpl.java:43)
	at java.lang.reflect.Method.invoke(Method.java:498)
	at io.cucumber.java.Invoker.doInvoke(Invoker.java:66)
	at io.cucumber.java.Invoker.invoke(Invoker.java:24)
	at io.cucumber.java.AbstractGlueDefinition.invokeMethod(AbstractGlueDefinition.java:47)
	at io.cucumber.java.JavaStepDefinition.execute(JavaStepDefinition.java:29)
	at io.cucumber.core.runner.CoreStepDefinition.execute(CoreStepDefinition.java:66)
	at io.cucumber.core.runner.PickleStepDefinitionMatch.runStep(PickleStepDefinitionMatch.java:63)
	at io.cucumber.core.runner.ExecutionMode$1.execute(ExecutionMode.java:10)
	at io.cucumber.core.runner.TestStep.executeStep(TestStep.java:92)
	at io.cucumber.core.runner.TestStep.run(TestStep.java:64)
	at io.cucumber.core.runner.PickleStepTestStep.run(PickleStepTestStep.java:51)
	at io.cucumber.core.runner.TestCase.run(TestCase.java:104)
	at io.cucumber.core.runner.Runner.runPickle(Runner.java:71)
	at io.cucumber.testng.TestNGCucumberRunner.lambda$runScenario$0(TestNGCucumberRunner.java:116)
	at io.cucumber.core.runtime.CucumberExecutionContext.runTestCase(CucumberExecutionContext.java:117)
	at io.cucumber.testng.TestNGCucumberRunner.runScenario(TestNGCucumberRunner.java:113)
	at io.cucumber.testng.AbstractTestNGCucumberTests.runScenario(AbstractTestNGCucumberTests.java:31)
	at sun.reflect.NativeMethodAccessorImpl.invoke0(Native Method)
	at sun.reflect.NativeMethodAccessorImpl.invoke(NativeMethodAccessorImpl.java:62)
	at sun.reflect.DelegatingMethodAccessorImpl.invoke(DelegatingMethodAccessorImpl.java:43)
	at java.lang.reflect.Method.invoke(Method.java:498)
	at org.testng.internal.MethodInvocationHelper.invokeMethod(MethodInvocationHelper.java:133)
	at org.testng.internal.TestInvoker.invokeMethod(TestInvoker.java:598)
	at org.testng.internal.TestInvoker.invokeTestMethod(TestInvoker.java:173)
	at org.testng.internal.TestMethodWithDataProviderMethodWorker.call(TestMethodWithDataProviderMethodWorker.java:77)
	at org.testng.internal.TestMethodWithDataProviderMethodWorker.call(TestMethodWithDataProviderMethodWorker.java:15)
	at java.util.concurrent.FutureTask.run(FutureTask.java:266)
	at java.util.concurrent.Executors$RunnableAdapter.call(Executors.java:511)
	at java.util.concurrent.FutureTask.run(FutureTask.java:266)
	at java.util.concurrent.ThreadPoolExecutor.runWorker(ThreadPoolExecutor.java:1149)
	at java.util.concurrent.ThreadPoolExecutor$Worker.run(ThreadPoolExecutor.java:624)
	at java.lang.Thread.run(Thread.java:748)
</pre></div></td>
<td>117</td>
<td>framework.runners.ServiceRequestSecondTest@4abdb505</td></tr>
<tr>
<td title='framework.runners.ServiceRequestSecondTest.runScenario()'><b>runScenario</b><br>Test class: framework.runners.ServiceRequestSecondTest<br>Test method: Runs Cucumber Scenarios<br>Parameters: "Postpaid Modify Profile X-Directory Level", "Optional[CLM Service Requests - Profile]"</td>
<td><div><pre>java.lang.AssertionError: expected [PASSED] but found [FAILED]
	at stepDefinitions.serviceRequests.common.CommonPageSteps.flow_submitted_successfully(CommonPageSteps.java:21)
	at ?.flow submitted successfully(file:///C:/Git/clm_selenide_cucumber/src/test/resources/functionalTests/MTNC/5_Service_Requests_profile.feature:67)
... Removed 6 stack frames</pre></div><a href='#' onClick='toggleBox("stack-trace1027360529", this, "Click to show all stack frames", "Click to hide stack frames")'>Click to show all stack frames</a>
<div class='stack-trace' id='stack-trace1027360529'><pre>java.lang.AssertionError: expected [PASSED] but found [FAILED]
	at org.testng.Assert.fail(Assert.java:99)
	at org.testng.Assert.failNotEquals(Assert.java:1037)
	at org.testng.Assert.assertEqualsImpl(Assert.java:140)
	at org.testng.Assert.assertEquals(Assert.java:122)
	at org.testng.Assert.assertEquals(Assert.java:629)
	at org.testng.Assert.assertEquals(Assert.java:639)
	at stepDefinitions.serviceRequests.common.CommonPageSteps.flow_submitted_successfully(CommonPageSteps.java:21)
	at ?.flow submitted successfully(file:///C:/Git/clm_selenide_cucumber/src/test/resources/functionalTests/MTNC/5_Service_Requests_profile.feature:67)
</pre></div></td>
<td>105</td>
<td>framework.runners.ServiceRequestSecondTest@4abdb505</td></tr>
</table><p>
<table width='100%' border='1' class='invocation-passed'>
<tr><td colspan='4' align='center'><b>PASSED TESTS</b></td></tr>
<tr><td><b>Test method</b></td>
<td width="30%"><b>Exception</b></td>
<td width="10%"><b>Time (seconds)</b></td>
<td><b>Instance</b></td>
</tr>
<tr>
<td title='framework.runners.ServiceRequestSecondTest.runScenario()'><b>runScenario</b><br>Test class: framework.runners.ServiceRequestSecondTest<br>Test method: Runs Cucumber Scenarios<br>Parameters: "Hybrid Modify Profile Identification Details", "Optional[CLM Service Requests - Profile]"</td>
<td></td>
<td>105</td>
<td>framework.runners.ServiceRequestSecondTest@4abdb505</td></tr>
</table><p>
</body>
</html>