<?xml version="1.0" encoding="UTF-8"?>
<!-- Generated by org.testng.reporters.JUnitXMLReporter -->
<testsuite hostname="BAVYSYAKI" ignored="0" name="Registrations" tests="5" failures="4" timestamp="2021-08-06T14:14:49 IST" time="211.795" errors="0">
  <testcase name="runScenario" time="105.801" classname="io.cucumber.testng.AbstractTestNGCucumberTests"/>
  <testcase name="runScenario" time="111.671" classname="io.cucumber.testng.AbstractTestNGCucumberTests">
    <failure type="java.lang.NullPointerException">
      <![CDATA[java.lang.NullPointerException
at framework.utils.OracleDataProvider.executeSelectQuery(OracleDataProvider.java:77)
at framework.utils.OracleDataProvider.getProfileInfo(OracleDataProvider.java:240)
at stepDefinitions.serviceRequests.profile.pflupd.ModifyContactAndNotificationSteps.verify_modified_info(ModifyContactAndNotificationSteps.java:42)
at ✽.verify modified info(file:///C:/Git/clm_selenide_cucumber/src/test/resources/functionalTests/MTNC/5_Service_Requests_profile.feature:30)
]]>
    </failure>
  </testcase> <!-- runScenario -->
  <testcase name="runScenario" time="115.216" classname="io.cucumber.testng.AbstractTestNGCucumberTests">
    <failure type="java.lang.AssertionError" message="expected [PASSED] but found [FAILED]">
      <![CDATA[java.lang.AssertionError: expected [PASSED] but found [FAILED]
at stepDefinitions.serviceRequests.common.CommonPageSteps.flow_submitted_successfully(CommonPageSteps.java:21)
at ✽.flow submitted successfully(file:///C:/Git/clm_selenide_cucumber/src/test/resources/functionalTests/MTNC/5_Service_Requests_profile.feature:18)
... Removed 6 stack frames]]>
    </failure>
  </testcase> <!-- runScenario -->
  <testcase name="runScenario" time="117.653" classname="io.cucumber.testng.AbstractTestNGCucumberTests">
    <failure type="com.codeborne.selenide.ex.ElementNotFound" message="Element not found {By.name: locality/option[text:Bamoko]}
Expected: exist
Screenshot: file:/C:/Git/clm_selenide_cucumber/target/reports/tests/1628239395058.1.png
Page source: file:/C:/Git/clm_selenide_cucumber/target/reports/tests/1628239395058.1.html
Timeout: 20 s.
Caused by: NoSuchElementException: Cannot locate element with text: Bamoko">
      <![CDATA[Element not found {By.name: locality/option[text:Bamoko]}
Expected: exist
Screenshot: file:/C:/Git/clm_selenide_cucumber/target/reports/tests/1628239395058.1.png
Page source: file:/C:/Git/clm_selenide_cucumber/target/reports/tests/1628239395058.1.html
Timeout: 20 s.
Caused by: NoSuchElementException: Cannot locate element with text: Bamoko
at com.codeborne.selenide.commands.SelectOptionByTextOrIndex.selectOptionsByTexts(SelectOptionByTextOrIndex.java:39)
at com.codeborne.selenide.commands.SelectOptionByTextOrIndex.execute(SelectOptionByTextOrIndex.java:24)
at com.codeborne.selenide.commands.SelectOptionByTextOrIndex.execute(SelectOptionByTextOrIndex.java:15)
at com.codeborne.selenide.commands.Commands.execute(Commands.java:155)
at com.codeborne.selenide.impl.SelenideElementProxy.dispatchAndRetry(SelenideElementProxy.java:133)
at com.codeborne.selenide.impl.SelenideElementProxy.invoke(SelenideElementProxy.java:85)
at com.sun.proxy.$Proxy16.selectOption(Unknown Source)
at pages.serviceRequests.profile.pflupd.ModifyAddressDetails.modify_profile_address_details(ModifyAddressDetails.java:34)
at stepDefinitions.serviceRequests.profile.pflupd.ModifyAddressDetailsSteps.modify_profile_address_details(ModifyAddressDetailsSteps.java:25)
at ✽.changed address details(file:///C:/Git/clm_selenide_cucumber/src/test/resources/functionalTests/MTNC/5_Service_Requests_profile.feature:50)
Caused by: org.openqa.selenium.NoSuchElementException: Cannot locate element with text: Bamoko
For documentation on this error, please visit: https://www.seleniumhq.org/exceptions/no_such_element.html
Build info: version: '3.141.59', revision: 'e82be7d358', time: '2018-11-14T08:17:03'
System info: host: 'BAVYSYAKI', ip: '10.50.56.10', os.name: 'Windows 10', os.arch: 'amd64', os.version: '10.0', java.version: '1.8.0_231'
Driver info: driver.version: unknown
at org.openqa.selenium.support.ui.Select.selectByVisibleText(Select.java:147)
at com.codeborne.selenide.commands.SelectOptionByTextOrIndex.selectOptionsByTexts(SelectOptionByTextOrIndex.java:36)
at com.codeborne.selenide.commands.SelectOptionByTextOrIndex.execute(SelectOptionByTextOrIndex.java:24)
at com.codeborne.selenide.commands.SelectOptionByTextOrIndex.execute(SelectOptionByTextOrIndex.java:15)
at com.codeborne.selenide.commands.Commands.execute(Commands.java:155)
at com.codeborne.selenide.impl.SelenideElementProxy.dispatchAndRetry(SelenideElementProxy.java:133)
at com.codeborne.selenide.impl.SelenideElementProxy.invoke(SelenideElementProxy.java:85)
at com.sun.proxy.$Proxy16.selectOption(Unknown Source)
at pages.serviceRequests.profile.pflupd.ModifyAddressDetails.modify_profile_address_details(ModifyAddressDetails.java:34)
at stepDefinitions.serviceRequests.profile.pflupd.ModifyAddressDetailsSteps.modify_profile_address_details(ModifyAddressDetailsSteps.java:25)
at io.cucumber.java.Invoker.doInvoke(Invoker.java:66)
at io.cucumber.java.Invoker.invoke(Invoker.java:24)
at io.cucumber.java.AbstractGlueDefinition.invokeMethod(AbstractGlueDefinition.java:47)
at io.cucumber.java.JavaStepDefinition.execute(JavaStepDefinition.java:29)
at io.cucumber.core.runner.CoreStepDefinition.execute(CoreStepDefinition.java:66)
at io.cucumber.core.runner.PickleStepDefinitionMatch.runStep(PickleStepDefinitionMatch.java:63)
at io.cucumber.core.runner.ExecutionMode$1.execute(ExecutionMode.java:10)
at io.cucumber.core.runner.TestStep.executeStep(TestStep.java:92)
at io.cucumber.core.runner.TestStep.run(TestStep.java:64)
at io.cucumber.core.runner.PickleStepTestStep.run(PickleStepTestStep.java:51)
at io.cucumber.core.runner.TestCase.run(TestCase.java:104)
at io.cucumber.core.runner.Runner.runPickle(Runner.java:71)
at io.cucumber.testng.TestNGCucumberRunner.lambda$runScenario$0(TestNGCucumberRunner.java:116)
at io.cucumber.core.runtime.CucumberExecutionContext.runTestCase(CucumberExecutionContext.java:117)
at io.cucumber.testng.TestNGCucumberRunner.runScenario(TestNGCucumberRunner.java:113)
at io.cucumber.testng.AbstractTestNGCucumberTests.runScenario(AbstractTestNGCucumberTests.java:31)
at java.util.concurrent.FutureTask.run(FutureTask.java:266)
at java.util.concurrent.Executors$RunnableAdapter.call(Executors.java:511)
at java.util.concurrent.FutureTask.run(FutureTask.java:266)
at java.util.concurrent.ThreadPoolExecutor.runWorker(ThreadPoolExecutor.java:1149)
at java.util.concurrent.ThreadPoolExecutor$Worker.run(ThreadPoolExecutor.java:624)
at java.lang.Thread.run(Thread.java:748)
... Removed 13 stack frames]]>
    </failure>
  </testcase> <!-- runScenario -->
  <testcase name="runScenario" time="105.035" classname="io.cucumber.testng.AbstractTestNGCucumberTests">
    <failure type="java.lang.AssertionError" message="expected [PASSED] but found [FAILED]">
      <![CDATA[java.lang.AssertionError: expected [PASSED] but found [FAILED]
at stepDefinitions.serviceRequests.common.CommonPageSteps.flow_submitted_successfully(CommonPageSteps.java:21)
at ✽.flow submitted successfully(file:///C:/Git/clm_selenide_cucumber/src/test/resources/functionalTests/MTNC/5_Service_Requests_profile.feature:67)
... Removed 6 stack frames]]>
    </failure>
  </testcase> <!-- runScenario -->
</testsuite> <!-- Registrations -->
