<?xml version="1.0" encoding="UTF-8"?>
<testng-results skipped="0" failed="4" ignored="0" total="5" passed="1">
  <reporter-output>
  </reporter-output>
  <suite name="Suite" duration-ms="211795" started-at="2021-08-06T14:11:17 IST" finished-at="2021-08-06T14:14:49 IST">
    <groups>
      <group name="cucumber">
        <method signature="AbstractTestNGCucumberTests.runScenario(io.cucumber.testng.PickleWrapper,io.cucumber.testng.FeatureWrapper)[pri:0, instance:framework.runners.ServiceRequestSecondTest@4abdb505]" name="runScenario" class="io.cucumber.testng.AbstractTestNGCucumberTests"/>
      </group> <!-- cucumber -->
    </groups>
    <test name="Registrations" duration-ms="211795" started-at="2021-08-06T14:11:17 IST" finished-at="2021-08-06T14:14:49 IST">
      <class name="framework.runners.ServiceRequestSecondTest">
        <test-method status="PASS" signature="setUpClass()[pri:0, instance:framework.runners.ServiceRequestSecondTest@4abdb505]" name="setUpClass" is-config="true" duration-ms="380" started-at="2021-08-06T14:11:17 IST" finished-at="2021-08-06T14:11:17 IST">
          <reporter-output>
          </reporter-output>
        </test-method> <!-- setUpClass -->
        <test-method status="FAIL" signature="runScenario(io.cucumber.testng.PickleWrapper,io.cucumber.testng.FeatureWrapper)[pri:0, instance:framework.runners.ServiceRequestSecondTest@4abdb505]" name="runScenario" duration-ms="111671" started-at="2021-08-06T14:11:17 IST" description="Runs Cucumber Scenarios" data-provider="scenarios" finished-at="2021-08-06T14:13:09 IST">
          <params>
            <param index="0">
              <value>
                <![CDATA["Hybrid Modify Profile Contact & Notification Preferences"]]>
              </value>
            </param>
            <param index="1">
              <value>
                <![CDATA["Optional[CLM Service Requests - Profile]"]]>
              </value>
            </param>
          </params>
          <exception class="java.lang.NullPointerException">
            <full-stacktrace>
              <![CDATA[java.lang.NullPointerException
at framework.utils.OracleDataProvider.executeSelectQuery(OracleDataProvider.java:77)
at framework.utils.OracleDataProvider.getProfileInfo(OracleDataProvider.java:240)
at stepDefinitions.serviceRequests.profile.pflupd.ModifyContactAndNotificationSteps.verify_modified_info(ModifyContactAndNotificationSteps.java:42)
at ✽.verify modified info(file:///C:/Git/clm_selenide_cucumber/src/test/resources/functionalTests/MTNC/5_Service_Requests_profile.feature:30)
]]>
            </full-stacktrace>
          </exception> <!-- java.lang.NullPointerException -->
          <reporter-output>
          </reporter-output>
        </test-method> <!-- runScenario -->
        <test-method status="FAIL" signature="runScenario(io.cucumber.testng.PickleWrapper,io.cucumber.testng.FeatureWrapper)[pri:0, instance:framework.runners.ServiceRequestSecondTest@4abdb505]" name="runScenario" duration-ms="115216" started-at="2021-08-06T14:11:17 IST" description="Runs Cucumber Scenarios" data-provider="scenarios" finished-at="2021-08-06T14:13:13 IST">
          <params>
            <param index="0">
              <value>
                <![CDATA["Prepaid Modify Profile"]]>
              </value>
            </param>
            <param index="1">
              <value>
                <![CDATA["Optional[CLM Service Requests - Profile]"]]>
              </value>
            </param>
          </params>
          <exception class="java.lang.AssertionError">
            <message>
              <![CDATA[expected [PASSED] but found [FAILED]]]>
            </message>
            <full-stacktrace>
              <![CDATA[java.lang.AssertionError: expected [PASSED] but found [FAILED]
at org.testng.Assert.fail(Assert.java:99)
at org.testng.Assert.failNotEquals(Assert.java:1037)
at org.testng.Assert.assertEqualsImpl(Assert.java:140)
at org.testng.Assert.assertEquals(Assert.java:122)
at org.testng.Assert.assertEquals(Assert.java:629)
at org.testng.Assert.assertEquals(Assert.java:639)
at stepDefinitions.serviceRequests.common.CommonPageSteps.flow_submitted_successfully(CommonPageSteps.java:21)
at ✽.flow submitted successfully(file:///C:/Git/clm_selenide_cucumber/src/test/resources/functionalTests/MTNC/5_Service_Requests_profile.feature:18)
]]>
            </full-stacktrace>
          </exception> <!-- java.lang.AssertionError -->
          <reporter-output>
          </reporter-output>
        </test-method> <!-- runScenario -->
        <test-method status="FAIL" signature="runScenario(io.cucumber.testng.PickleWrapper,io.cucumber.testng.FeatureWrapper)[pri:0, instance:framework.runners.ServiceRequestSecondTest@4abdb505]" name="runScenario" duration-ms="117653" started-at="2021-08-06T14:11:17 IST" description="Runs Cucumber Scenarios" data-provider="scenarios" finished-at="2021-08-06T14:13:15 IST">
          <params>
            <param index="0">
              <value>
                <![CDATA["Postpaid Modify Profile Address"]]>
              </value>
            </param>
            <param index="1">
              <value>
                <![CDATA["Optional[CLM Service Requests - Profile]"]]>
              </value>
            </param>
          </params>
          <exception class="com.codeborne.selenide.ex.ElementNotFound">
            <message>
              <![CDATA[Element not found {By.name: locality/option[text:Bamoko]}
Expected: exist
Screenshot: file:/C:/Git/clm_selenide_cucumber/target/reports/tests/1628239395058.1.png
Page source: file:/C:/Git/clm_selenide_cucumber/target/reports/tests/1628239395058.1.html
Timeout: 20 s.
Caused by: NoSuchElementException: Cannot locate element with text: Bamoko]]>
            </message>
            <full-stacktrace>
              <![CDATA[Element not found {By.name: locality/option[text:Bamoko]}
Expected: exist
Screenshot: file:/C:/Git/clm_selenide_cucumber/target/reports/tests/1628239395058.1.png
Page source: file:/C:/Git/clm_selenide_cucumber/target/reports/tests/1628239395058.1.html
Timeout: 20 s.
Caused by: NoSuchElementException: Cannot locate element with text: Bamoko
at com.codeborne.selenide.commands.SelectOptionByTextOrIndex.selectOptionsByTexts(SelectOptionByTextOrIndex.java:39)
at com.codeborne.selenide.commands.SelectOptionByTextOrIndex.execute(SelectOptionByTextOrIndex.java:24)
at com.codeborne.selenide.commands.SelectOptionByTextOrIndex.execute(SelectOptionByTextOrIndex.java:15)
at com.codeborne.selenide.commands.Commands.execute(Commands.java:155)
at com.codeborne.selenide.impl.SelenideElementProxy.dispatchAndRetry(SelenideElementProxy.java:133)
at com.codeborne.selenide.impl.SelenideElementProxy.invoke(SelenideElementProxy.java:85)
at com.sun.proxy.$Proxy16.selectOption(Unknown Source)
at pages.serviceRequests.profile.pflupd.ModifyAddressDetails.modify_profile_address_details(ModifyAddressDetails.java:34)
at stepDefinitions.serviceRequests.profile.pflupd.ModifyAddressDetailsSteps.modify_profile_address_details(ModifyAddressDetailsSteps.java:25)
at ✽.changed address details(file:///C:/Git/clm_selenide_cucumber/src/test/resources/functionalTests/MTNC/5_Service_Requests_profile.feature:50)
Caused by: org.openqa.selenium.NoSuchElementException: Cannot locate element with text: Bamoko
For documentation on this error, please visit: https://www.seleniumhq.org/exceptions/no_such_element.html
Build info: version: '3.141.59', revision: 'e82be7d358', time: '2018-11-14T08:17:03'
System info: host: 'BAVYSYAKI', ip: '10.50.56.10', os.name: 'Windows 10', os.arch: 'amd64', os.version: '10.0', java.version: '1.8.0_231'
Driver info: driver.version: unknown
at org.openqa.selenium.support.ui.Select.selectByVisibleText(Select.java:147)
at com.codeborne.selenide.commands.SelectOptionByTextOrIndex.selectOptionsByTexts(SelectOptionByTextOrIndex.java:36)
at com.codeborne.selenide.commands.SelectOptionByTextOrIndex.execute(SelectOptionByTextOrIndex.java:24)
at com.codeborne.selenide.commands.SelectOptionByTextOrIndex.execute(SelectOptionByTextOrIndex.java:15)
at com.codeborne.selenide.commands.Commands.execute(Commands.java:155)
at com.codeborne.selenide.impl.SelenideElementProxy.dispatchAndRetry(SelenideElementProxy.java:133)
at com.codeborne.selenide.impl.SelenideElementProxy.invoke(SelenideElementProxy.java:85)
at com.sun.proxy.$Proxy16.selectOption(Unknown Source)
at pages.serviceRequests.profile.pflupd.ModifyAddressDetails.modify_profile_address_details(ModifyAddressDetails.java:34)
at stepDefinitions.serviceRequests.profile.pflupd.ModifyAddressDetailsSteps.modify_profile_address_details(ModifyAddressDetailsSteps.java:25)
at sun.reflect.NativeMethodAccessorImpl.invoke0(Native Method)
at sun.reflect.NativeMethodAccessorImpl.invoke(NativeMethodAccessorImpl.java:62)
at sun.reflect.DelegatingMethodAccessorImpl.invoke(DelegatingMethodAccessorImpl.java:43)
at java.lang.reflect.Method.invoke(Method.java:498)
at io.cucumber.java.Invoker.doInvoke(Invoker.java:66)
at io.cucumber.java.Invoker.invoke(Invoker.java:24)
at io.cucumber.java.AbstractGlueDefinition.invokeMethod(AbstractGlueDefinition.java:47)
at io.cucumber.java.JavaStepDefinition.execute(JavaStepDefinition.java:29)
at io.cucumber.core.runner.CoreStepDefinition.execute(CoreStepDefinition.java:66)
at io.cucumber.core.runner.PickleStepDefinitionMatch.runStep(PickleStepDefinitionMatch.java:63)
at io.cucumber.core.runner.ExecutionMode$1.execute(ExecutionMode.java:10)
at io.cucumber.core.runner.TestStep.executeStep(TestStep.java:92)
at io.cucumber.core.runner.TestStep.run(TestStep.java:64)
at io.cucumber.core.runner.PickleStepTestStep.run(PickleStepTestStep.java:51)
at io.cucumber.core.runner.TestCase.run(TestCase.java:104)
at io.cucumber.core.runner.Runner.runPickle(Runner.java:71)
at io.cucumber.testng.TestNGCucumberRunner.lambda$runScenario$0(TestNGCucumberRunner.java:116)
at io.cucumber.core.runtime.CucumberExecutionContext.runTestCase(CucumberExecutionContext.java:117)
at io.cucumber.testng.TestNGCucumberRunner.runScenario(TestNGCucumberRunner.java:113)
at io.cucumber.testng.AbstractTestNGCucumberTests.runScenario(AbstractTestNGCucumberTests.java:31)
at sun.reflect.NativeMethodAccessorImpl.invoke0(Native Method)
at sun.reflect.NativeMethodAccessorImpl.invoke(NativeMethodAccessorImpl.java:62)
at sun.reflect.DelegatingMethodAccessorImpl.invoke(DelegatingMethodAccessorImpl.java:43)
at java.lang.reflect.Method.invoke(Method.java:498)
at org.testng.internal.MethodInvocationHelper.invokeMethod(MethodInvocationHelper.java:133)
at org.testng.internal.TestInvoker.invokeMethod(TestInvoker.java:598)
at org.testng.internal.TestInvoker.invokeTestMethod(TestInvoker.java:173)
at org.testng.internal.TestMethodWithDataProviderMethodWorker.call(TestMethodWithDataProviderMethodWorker.java:77)
at org.testng.internal.TestMethodWithDataProviderMethodWorker.call(TestMethodWithDataProviderMethodWorker.java:15)
at java.util.concurrent.FutureTask.run(FutureTask.java:266)
at java.util.concurrent.Executors$RunnableAdapter.call(Executors.java:511)
at java.util.concurrent.FutureTask.run(FutureTask.java:266)
at java.util.concurrent.ThreadPoolExecutor.runWorker(ThreadPoolExecutor.java:1149)
at java.util.concurrent.ThreadPoolExecutor$Worker.run(ThreadPoolExecutor.java:624)
at java.lang.Thread.run(Thread.java:748)
]]>
            </full-stacktrace>
          </exception> <!-- com.codeborne.selenide.ex.ElementNotFound -->
          <reporter-output>
          </reporter-output>
        </test-method> <!-- runScenario -->
        <test-method status="PASS" signature="runScenario(io.cucumber.testng.PickleWrapper,io.cucumber.testng.FeatureWrapper)[pri:0, instance:framework.runners.ServiceRequestSecondTest@4abdb505]" name="runScenario" duration-ms="105801" started-at="2021-08-06T14:11:17 IST" description="Runs Cucumber Scenarios" data-provider="scenarios" finished-at="2021-08-06T14:13:03 IST">
          <params>
            <param index="0">
              <value>
                <![CDATA["Hybrid Modify Profile Identification Details"]]>
              </value>
            </param>
            <param index="1">
              <value>
                <![CDATA["Optional[CLM Service Requests - Profile]"]]>
              </value>
            </param>
          </params>
          <reporter-output>
          </reporter-output>
        </test-method> <!-- runScenario -->
        <test-method status="FAIL" signature="runScenario(io.cucumber.testng.PickleWrapper,io.cucumber.testng.FeatureWrapper)[pri:0, instance:framework.runners.ServiceRequestSecondTest@4abdb505]" name="runScenario" duration-ms="105035" started-at="2021-08-06T14:13:03 IST" description="Runs Cucumber Scenarios" data-provider="scenarios" finished-at="2021-08-06T14:14:48 IST">
          <params>
            <param index="0">
              <value>
                <![CDATA["Postpaid Modify Profile X-Directory Level"]]>
              </value>
            </param>
            <param index="1">
              <value>
                <![CDATA["Optional[CLM Service Requests - Profile]"]]>
              </value>
            </param>
          </params>
          <exception class="java.lang.AssertionError">
            <message>
              <![CDATA[expected [PASSED] but found [FAILED]]]>
            </message>
            <full-stacktrace>
              <![CDATA[java.lang.AssertionError: expected [PASSED] but found [FAILED]
at org.testng.Assert.fail(Assert.java:99)
at org.testng.Assert.failNotEquals(Assert.java:1037)
at org.testng.Assert.assertEqualsImpl(Assert.java:140)
at org.testng.Assert.assertEquals(Assert.java:122)
at org.testng.Assert.assertEquals(Assert.java:629)
at org.testng.Assert.assertEquals(Assert.java:639)
at stepDefinitions.serviceRequests.common.CommonPageSteps.flow_submitted_successfully(CommonPageSteps.java:21)
at ✽.flow submitted successfully(file:///C:/Git/clm_selenide_cucumber/src/test/resources/functionalTests/MTNC/5_Service_Requests_profile.feature:67)
]]>
            </full-stacktrace>
          </exception> <!-- java.lang.AssertionError -->
          <reporter-output>
          </reporter-output>
        </test-method> <!-- runScenario -->
        <test-method status="PASS" signature="tearDownClass()[pri:0, instance:framework.runners.ServiceRequestSecondTest@4abdb505]" name="tearDownClass" is-config="true" duration-ms="541" started-at="2021-08-06T14:14:48 IST" finished-at="2021-08-06T14:14:49 IST">
          <reporter-output>
          </reporter-output>
        </test-method> <!-- tearDownClass -->
      </class> <!-- framework.runners.ServiceRequestSecondTest -->
    </test> <!-- Registrations -->
  </suite> <!-- Suite -->
</testng-results>
